<?xml version="1.0" encoding="UTF-8"?>
<!-- Generated by org.testng.reporters.JUnitXMLReporter -->
<testsuite hostname="38f9d34ef0b3.ant.amazon.com" ignored="0" name="Test" tests="6" failures="0" timestamp="18 Mar 2021 18:20:40 GMT" time="52.874" errors="0">
  <testcase name="verifyLoginIsSuccessful" time="8.338" classname="com.fasal.tests.TestClass"/>
  <testcase name="verifyUserIsAbleToApplyFiltersInWomenCategory" time="8.599" classname="com.fasal.tests.TestClass"/>
  <testcase name="verifyUserIsAbleToAddProductToCartAndProceedToCheckout" time="10.959" classname="com.fasal.tests.TestClass"/>
  <testcase name="verifyUserIsAbleToAgreeToTermsAndConditions" time="4.301" classname="com.fasal.tests.TestClass"/>
  <testcase name="verifyUserIsAbleToMakePayment" time="5.741" classname="com.fasal.tests.TestClass"/>
  <testcase name="validateOrderIsPlacedSuccessfully" time="0.092" classname="com.fasal.tests.TestClass"/>
</testsuite> <!-- Test -->
