<?xml version="1.0" encoding="UTF-8"?>
<testsuite xmlns:xsi="http://www.w3.org/2001/XMLSchema-instance" xsi:noNamespaceSchemaLocation="https://maven.apache.org/surefire/maven-surefire-plugin/xsd/surefire-test-report.xsd" name="TestSuite" time="53.366" tests="6" errors="0" skipped="0" failures="0">
  <properties>
[...]
</properties>
  <testcase name="verifyLoginIsSuccessful" classname="com.fasal.tests.TestClass" time="8.34"/>
  <testcase name="verifyUserIsAbleToApplyFiltersInWomenCategory" classname="com.fasal.tests.TestClass" time="8.598"/>
  <testcase name="verifyUserIsAbleToAddProductToCartAndProceedToCheckout" classname="com.fasal.tests.TestClass" time="10.96"/>
  <testcase name="verifyUserIsAbleToAgreeToTermsAndConditions" classname="com.fasal.tests.TestClass" time="4.3"/>
  <testcase name="verifyUserIsAbleToMakePayment" classname="com.fasal.tests.TestClass" time="5.742"/>
  <testcase name="validateOrderIsPlacedSuccessfully" classname="com.fasal.tests.TestClass" time="0.092"/>
</testsuite>